<?xml version="1.0" encoding="UTF-8"?>
<!-- Generated by org.testng.reporters.JUnitReportReporter -->
<testsuite hostname="LAPTOP-IFL45L56" failures="0" tests="1" name="com.inetbanking.Testcases.TC_AddNewCustomerTest_003" time="6.976" errors="0" timestamp="2023-03-14T14:39:29 IST" skipped="0">
  <testcase classname="com.inetbanking.Testcases.TC_AddNewCustomerTest_003" name="addnewCustomer" time="6.976"/>
  <system-out/>
</testsuite> <!-- com.inetbanking.Testcases.TC_AddNewCustomerTest_003 -->
