<?xml version="1.0" encoding="UTF-8"?>
<!-- Generated by org.testng.reporters.JUnitReportReporter -->
<testsuite hostname="LAPTOP-IFL45L56" failures="0" tests="1" name="com.inetbanking.Testcases.TC_LoginDDT_002" time="0.000" errors="0" timestamp="2023-03-08T18:28:57 IST" skipped="1">
  <testcase classname="com.inetbanking.Testcases.TC_LoginDDT_002" name="LoginDDT" time="0.000">
    <skipped/>
  </testcase> <!-- LoginDDT -->
  <system-out/>
</testsuite> <!-- com.inetbanking.Testcases.TC_LoginDDT_002 -->
