<?xml version="1.0" encoding="UTF-8"?>
<!-- Generated by org.testng.reporters.JUnitReportReporter -->
<testsuite hostname="LAPTOP-IFL45L56" failures="0" tests="1" name="com.inetbanking.Testcases.TC_EditCustomerTest_004" time="6.470" errors="0" timestamp="2023-03-31T11:04:43 IST" skipped="0">
  <testcase classname="com.inetbanking.Testcases.TC_EditCustomerTest_004" name="editCustomer" time="6.470"/>
  <system-out/>
</testsuite> <!-- com.inetbanking.Testcases.TC_EditCustomerTest_004 -->
