<?xml version="1.0" encoding="UTF-8"?>
<!-- Generated by org.testng.reporters.JUnitReportReporter -->
<testsuite hostname="LAPTOP-IFL45L56" failures="0" tests="1" name="com.inetbanking.Testcases.TC_LoginTest_001" time="2.147" errors="0" timestamp="2023-03-09T11:59:05 IST" skipped="0">
  <testcase classname="com.inetbanking.Testcases.TC_LoginTest_001" name="setLogin" time="2.147"/>
  <system-out/>
</testsuite> <!-- com.inetbanking.Testcases.TC_LoginTest_001 -->
