<?xml version="1.0" encoding="UTF-8"?>
<!-- Generated by org.testng.reporters.JUnitReportReporter -->
<testsuite hostname="LAPTOP-IFL45L56" failures="0" tests="1" name="com.inetbanking.Testcases.TC_EditCustomerTest_004" time="14.379" errors="0" timestamp="2023-03-08T19:55:52 IST" skipped="0">
  <testcase classname="com.inetbanking.Testcases.TC_EditCustomerTest_004" name="editCustomer" time="14.379"/>
  <system-out/>
</testsuite> <!-- com.inetbanking.Testcases.TC_EditCustomerTest_004 -->
