<?xml version="1.0" encoding="UTF-8"?>
<!-- Generated by org.testng.reporters.JUnitReportReporter -->
<testsuite hostname="LAPTOP-IFL45L56" failures="0" tests="1" name="com.inetbanking.Testcases.TC_AddNewCustomerTest_003" time="8.547" errors="0" timestamp="2023-03-31T11:04:43 IST" skipped="0">
  <testcase classname="com.inetbanking.Testcases.TC_AddNewCustomerTest_003" name="addnewCustomer" time="8.547"/>
  <system-out/>
</testsuite> <!-- com.inetbanking.Testcases.TC_AddNewCustomerTest_003 -->
